# a2597_CO21_pbcorr_natural_40kms.fits, box=110,80,166,204, chans=, stokes=
# beam size: 0.81766957212 arcsec2, 36.340869872 pixels
# Total flux: 7.88426294764 Jy.km/s
# Channel number_of_unmasked_pixels frequency_(MHz) Velocity_(km/s) Flux_density_(Jy)
        0                        11   213473.238679     -599.399586      1.774671e-04
        1                        24   213444.812767     -559.476973      4.488268e-04
        2                         4   213416.386855     -519.549023      6.460969e-05
        3                        32   213387.960943     -479.615735      5.395264e-04
        4                        50   213359.535031     -439.677111      8.694008e-04
        5                        49   213331.109119     -399.733150      8.124487e-04
        6                        34   213302.683208     -359.783851      5.480714e-04
        7                        26   213274.257296     -319.829216      4.084775e-04
        8                        49   213245.831384     -279.869244      8.477767e-04
        9                        64   213217.405472     -239.903934      1.026423e-03
       10                       148   213188.979560     -199.933288      2.565641e-03
       11                       174   213160.553648     -159.957304      4.049077e-03
       12                       321   213132.127736     -119.975984      9.714045e-03
       13                       436   213103.701824      -79.989327      1.751313e-02
       14                       569   213075.275912      -39.997332      2.561773e-02
       15                       629   213046.850000       -0.000001      2.538020e-02
       16                       717   213018.424089       40.002668      2.158082e-02
       17                       827   212989.998177       80.010673      2.685702e-02
       18                       869   212961.572265      120.024016      2.254493e-02
       19                       356   212933.146353      160.042696      1.060540e-02
       20                       249   212904.720441      200.066712      7.740724e-03
       21                       218   212876.294529      240.096066      5.331430e-03
       22                       134   212847.868617      280.130756      2.965926e-03
       23                       101   212819.442705      320.170784      1.758352e-03
       24                        90   212791.016793      360.216149      1.559031e-03
       25                        83   212762.590881      400.266850      1.496664e-03
       26                        60   212734.164970      440.322889      1.000325e-03
       27                        56   212705.739058      480.384265      9.577564e-04
       28                        59   212677.313146      520.450977      9.903228e-04
       29                        49   212648.887234      560.523027      8.190868e-04
       30                        17   212620.461322      600.600414      2.764211e-04
